info it worked if it ends with ok
verbose cli [ 'node', '/usr/local/bin/npm', 'install', 'faker' ]
info using npm@1.1.0-3
info using node@v0.6.9
verbose /usr/local/bin/node node symlink
verbose config file /Users/skierdb526/.npmrc
verbose config file /usr/local/etc/npmrc
verbose config file /usr/local/lib/node_modules/npm/npmrc
verbose caching /Users/skierdb526/Documents/fakeme/package.json
verbose loadDefaults application-name@0.0.1
verbose caching /Users/skierdb526/Documents/fakeme/node_modules/express/package.json
verbose loadDefaults express@2.5.8
verbose caching /Users/skierdb526/Documents/fakeme/node_modules/jade/package.json
verbose loadDefaults jade@0.20.3
verbose from cache /Users/skierdb526/Documents/fakeme/package.json
verbose cache add [ 'faker', null ]
silly cache add: name, spec, args [ undefined, 'faker', [ 'faker', null ] ]
verbose parsed url { pathname: 'faker', path: 'faker', href: 'faker' }
verbose addNamed [ 'faker', '' ]
verbose addNamed [ null, '' ]
silly name, range, hasData [ 'faker', '', false ]
verbose raw, before any munging faker
verbose url resolving [ 'https://registry.npmjs.org/', './faker' ]
verbose url resolved https://registry.npmjs.org/faker
http GET https://registry.npmjs.org/faker
http 404 https://registry.npmjs.org/faker
silly get cb [ 404,
silly get cb   { server: 'CouchDB/1.1.0 (Erlang OTP/R14B04)',
silly get cb     date: 'Sat, 18 Feb 2012 21:39:32 GMT',
silly get cb     'content-type': 'application/json',
silly get cb     'content-length': '52',
silly get cb     'cache-control': 'must-revalidate' } ]
ERR! 404 'faker' is not in the npm registry.
ERR! 404 You should bug the author to publish it
ERR! 404 Note that you can also install from a
ERR! 404 tarball, folder, or http url, or git url.
ERR! 
ERR! System Darwin 11.3.0
ERR! command "node" "/usr/local/bin/npm" "install" "faker"
ERR! cwd /Users/skierdb526/Documents/fakeme
ERR! node -v v0.6.9
ERR! npm -v 1.1.0-3
ERR! code E404
ERR! message 404 Not Found: faker
ERR! errno {}
verbose exit [ 1, true ]
